2018-08-21 06:05:12 Error: [PDOException] SQLSTATE[23000]: Integrity constraint violation: 1452 Cannot add or update a child row: a foreign key constraint fails (`cake_bookmarks`.`bookmarks`, CONSTRAINT `bookmarks_ibfk_1` FOREIGN KEY (`user_id`) REFERENCES `users` (`id`))
Request URL: /bookmarks/add
Referer URL: http://192.168.8.17:8765/bookmarks/add
Stack Trace:
#0 /var/www/html/my_app_name/vendor/cakephp/cakephp/src/Database/Statement/MysqlStatement.php(39): PDOStatement->execute(NULL)
#1 /var/www/html/my_app_name/vendor/cakephp/cakephp/src/Database/Statement/StatementDecorator.php(195): Cake\Database\Statement\MysqlStatement->execute(NULL)
#2 /var/www/html/my_app_name/vendor/cakephp/cakephp/src/Database/Log/LoggingStatement.php(56): Cake\Database\Statement\StatementDecorator->execute(NULL)
#3 /var/www/html/my_app_name/vendor/cakephp/cakephp/src/Database/Connection.php(334): Cake\Database\Log\LoggingStatement->execute()
#4 /var/www/html/my_app_name/vendor/cakephp/cakephp/src/Core/Retry/CommandRetry.php(68): Cake\Database\Connection->Cake\Database\{closure}()
#5 /var/www/html/my_app_name/vendor/cakephp/cakephp/src/Database/Connection.php(337): Cake\Core\Retry\CommandRetry->run(Object(Closure))
#6 /var/www/html/my_app_name/vendor/cakephp/cakephp/src/Database/Query.php(219): Cake\Database\Connection->run(Object(Cake\ORM\Query))
#7 /var/www/html/my_app_name/vendor/cakephp/cakephp/src/ORM/Table.php(2107): Cake\Database\Query->execute()
#8 /var/www/html/my_app_name/vendor/cakephp/cakephp/src/ORM/Table.php(2001): Cake\ORM\Table->_insert(Object(App\Model\Entity\Bookmark), Array)
#9 /var/www/html/my_app_name/vendor/cakephp/cakephp/src/ORM/Table.php(1914): Cake\ORM\Table->_processSave(Object(App\Model\Entity\Bookmark), Object(ArrayObject))
#10 /var/www/html/my_app_name/vendor/cakephp/cakephp/src/ORM/Table.php(1627): Cake\ORM\Table->Cake\ORM\{closure}()
#11 /var/www/html/my_app_name/vendor/cakephp/cakephp/src/Database/Connection.php(726): Cake\ORM\Table->Cake\ORM\{closure}(Object(Cake\Database\Connection))
#12 /var/www/html/my_app_name/vendor/cakephp/cakephp/src/ORM/Table.php(1628): Cake\Database\Connection->transactional(Object(Closure))
#13 /var/www/html/my_app_name/vendor/cakephp/cakephp/src/ORM/Table.php(1915): Cake\ORM\Table->_executeTransaction(Object(Closure), true)
#14 /var/www/html/my_app_name/src/Controller/BookmarksController.php(57): Cake\ORM\Table->save(Object(App\Model\Entity\Bookmark))
#15 /var/www/html/my_app_name/vendor/cakephp/cakephp/src/Controller/Controller.php(596): App\Controller\BookmarksController->add()
#16 /var/www/html/my_app_name/vendor/cakephp/cakephp/src/Http/ActionDispatcher.php(120): Cake\Controller\Controller->invokeAction()
#17 /var/www/html/my_app_name/vendor/cakephp/cakephp/src/Http/ActionDispatcher.php(94): Cake\Http\ActionDispatcher->_invoke(Object(App\Controller\BookmarksController))
#18 /var/www/html/my_app_name/vendor/cakephp/cakephp/src/Http/BaseApplication.php(235): Cake\Http\ActionDispatcher->dispatch(Object(Cake\Http\ServerRequest), Object(Cake\Http\Response))
#19 /var/www/html/my_app_name/vendor/cakephp/cakephp/src/Http/Runner.php(65): Cake\Http\BaseApplication->__invoke(Object(Cake\Http\ServerRequest), Object(Cake\Http\Response), Object(Cake\Http\Runner))
#20 /var/www/html/my_app_name/vendor/cakephp/cakephp/src/Http/Middleware/CsrfProtectionMiddleware.php(107): Cake\Http\Runner->__invoke(Object(Cake\Http\ServerRequest), Object(Cake\Http\Response))
#21 /var/www/html/my_app_name/vendor/cakephp/cakephp/src/Http/Runner.php(65): Cake\Http\Middleware\CsrfProtectionMiddleware->__invoke(Object(Cake\Http\ServerRequest), Object(Cake\Http\Response), Object(Cake\Http\Runner))
#22 /var/www/html/my_app_name/vendor/cakephp/cakephp/src/Routing/Middleware/RoutingMiddleware.php(156): Cake\Http\Runner->__invoke(Object(Cake\Http\ServerRequest), Object(Cake\Http\Response))
#23 /var/www/html/my_app_name/vendor/cakephp/cakephp/src/Http/Runner.php(65): Cake\Routing\Middleware\RoutingMiddleware->__invoke(Object(Cake\Http\ServerRequest), Object(Cake\Http\Response), Object(Cake\Http\Runner))
#24 /var/www/html/my_app_name/vendor/cakephp/cakephp/src/Routing/Middleware/AssetMiddleware.php(88): Cake\Http\Runner->__invoke(Object(Cake\Http\ServerRequest), Object(Cake\Http\Response))
#25 /var/www/html/my_app_name/vendor/cakephp/cakephp/src/Http/Runner.php(65): Cake\Routing\Middleware\AssetMiddleware->__invoke(Object(Cake\Http\ServerRequest), Object(Cake\Http\Response), Object(Cake\Http\Runner))
#26 /var/www/html/my_app_name/vendor/cakephp/cakephp/src/Error/Middleware/ErrorHandlerMiddleware.php(98): Cake\Http\Runner->__invoke(Object(Cake\Http\ServerRequest), Object(Cake\Http\Response))
#27 /var/www/html/my_app_name/vendor/cakephp/cakephp/src/Http/Runner.php(65): Cake\Error\Middleware\ErrorHandlerMiddleware->__invoke(Object(Cake\Http\ServerRequest), Object(Cake\Http\Response), Object(Cake\Http\Runner))
#28 /var/www/html/my_app_name/vendor/cakephp/debug_kit/src/Middleware/DebugKitMiddleware.php(53): Cake\Http\Runner->__invoke(Object(Cake\Http\ServerRequest), Object(Cake\Http\Response))
#29 /var/www/html/my_app_name/vendor/cakephp/cakephp/src/Http/Runner.php(65): DebugKit\Middleware\DebugKitMiddleware->__invoke(Object(Cake\Http\ServerRequest), Object(Cake\Http\Response), Object(Cake\Http\Runner))
#30 /var/www/html/my_app_name/vendor/cakephp/cakephp/src/Http/Runner.php(51): Cake\Http\Runner->__invoke(Object(Cake\Http\ServerRequest), Object(Cake\Http\Response))
#31 /var/www/html/my_app_name/vendor/cakephp/cakephp/src/Http/Server.php(98): Cake\Http\Runner->run(Object(Cake\Http\MiddlewareQueue), Object(Cake\Http\ServerRequest), Object(Cake\Http\Response))
#32 /var/www/html/my_app_name/webroot/index.php(40): Cake\Http\Server->run()
#33 {main}


2018-08-27 04:57:32 Error: [Cake\Routing\Exception\MissingControllerException] Controller class Blog could not be found.
Exception Attributes: array (
  'class' => 'Blog',
  'plugin' => false,
  'prefix' => false,
  '_ext' => false,
)
Request URL: /blog
Stack Trace:
#0 /var/www/html/my_app_name/vendor/cakephp/cakephp/src/Http/ControllerFactory.php(39): Cake\Http\ControllerFactory->missingController(Object(Cake\Http\ServerRequest))
#1 /var/www/html/my_app_name/vendor/cakephp/cakephp/src/Http/ActionDispatcher.php(91): Cake\Http\ControllerFactory->create(Object(Cake\Http\ServerRequest), Object(Cake\Http\Response))
#2 /var/www/html/my_app_name/vendor/cakephp/cakephp/src/Http/BaseApplication.php(235): Cake\Http\ActionDispatcher->dispatch(Object(Cake\Http\ServerRequest), Object(Cake\Http\Response))
#3 /var/www/html/my_app_name/vendor/cakephp/cakephp/src/Http/Runner.php(65): Cake\Http\BaseApplication->__invoke(Object(Cake\Http\ServerRequest), Object(Cake\Http\Response), Object(Cake\Http\Runner))
#4 /var/www/html/my_app_name/vendor/cakephp/cakephp/src/Http/Middleware/CsrfProtectionMiddleware.php(107): Cake\Http\Runner->__invoke(Object(Cake\Http\ServerRequest), Object(Cake\Http\Response))
#5 /var/www/html/my_app_name/vendor/cakephp/cakephp/src/Http/Runner.php(65): Cake\Http\Middleware\CsrfProtectionMiddleware->__invoke(Object(Cake\Http\ServerRequest), Object(Cake\Http\Response), Object(Cake\Http\Runner))
#6 /var/www/html/my_app_name/vendor/cakephp/cakephp/src/Routing/Middleware/RoutingMiddleware.php(156): Cake\Http\Runner->__invoke(Object(Cake\Http\ServerRequest), Object(Cake\Http\Response))
#7 /var/www/html/my_app_name/vendor/cakephp/cakephp/src/Http/Runner.php(65): Cake\Routing\Middleware\RoutingMiddleware->__invoke(Object(Cake\Http\ServerRequest), Object(Cake\Http\Response), Object(Cake\Http\Runner))
#8 /var/www/html/my_app_name/vendor/cakephp/cakephp/src/Routing/Middleware/AssetMiddleware.php(88): Cake\Http\Runner->__invoke(Object(Cake\Http\ServerRequest), Object(Cake\Http\Response))
#9 /var/www/html/my_app_name/vendor/cakephp/cakephp/src/Http/Runner.php(65): Cake\Routing\Middleware\AssetMiddleware->__invoke(Object(Cake\Http\ServerRequest), Object(Cake\Http\Response), Object(Cake\Http\Runner))
#10 /var/www/html/my_app_name/vendor/cakephp/cakephp/src/Error/Middleware/ErrorHandlerMiddleware.php(98): Cake\Http\Runner->__invoke(Object(Cake\Http\ServerRequest), Object(Cake\Http\Response))
#11 /var/www/html/my_app_name/vendor/cakephp/cakephp/src/Http/Runner.php(65): Cake\Error\Middleware\ErrorHandlerMiddleware->__invoke(Object(Cake\Http\ServerRequest), Object(Cake\Http\Response), Object(Cake\Http\Runner))
#12 /var/www/html/my_app_name/vendor/cakephp/debug_kit/src/Middleware/DebugKitMiddleware.php(53): Cake\Http\Runner->__invoke(Object(Cake\Http\ServerRequest), Object(Cake\Http\Response))
#13 /var/www/html/my_app_name/vendor/cakephp/cakephp/src/Http/Runner.php(65): DebugKit\Middleware\DebugKitMiddleware->__invoke(Object(Cake\Http\ServerRequest), Object(Cake\Http\Response), Object(Cake\Http\Runner))
#14 /var/www/html/my_app_name/vendor/cakephp/cakephp/src/Http/Runner.php(51): Cake\Http\Runner->__invoke(Object(Cake\Http\ServerRequest), Object(Cake\Http\Response))
#15 /var/www/html/my_app_name/vendor/cakephp/cakephp/src/Http/Server.php(98): Cake\Http\Runner->run(Object(Cake\Http\MiddlewareQueue), Object(Cake\Http\ServerRequest), Object(Cake\Http\Response))
#16 /var/www/html/my_app_name/webroot/index.php(40): Cake\Http\Server->run()
#17 {main}


