2018-09-04 17:06:05 Error: [MissingControllerException] Controller class CakephpController could not be found.
Exception Attributes: array (
  'class' => 'CakephpController',
  'plugin' => NULL,
)
Request URL: /cakephp/
Stack Trace:
#0 /var/www/html/cakephp/app/webroot/index.php(118): Dispatcher->dispatch(Object(CakeRequest), Object(CakeResponse))
#1 {main}
2018-09-05 11:26:01 Error: [MissingControllerException] Controller class PostsController could not be found.
Exception Attributes: array (
  'class' => 'PostsController',
  'plugin' => NULL,
)
Request URL: /posts/index.php
Stack Trace:
#0 /var/www/html/cakephp/app/webroot/index.php(118): Dispatcher->dispatch(Object(CakeRequest), Object(CakeResponse))
#1 {main}
2018-09-05 11:28:23 Error: [MissingControllerException] Controller class PostsController could not be found.
Exception Attributes: array (
  'class' => 'PostsController',
  'plugin' => NULL,
)
Request URL: /posts/index.php
Stack Trace:
#0 /var/www/html/cakephp/app/webroot/index.php(118): Dispatcher->dispatch(Object(CakeRequest), Object(CakeResponse))
#1 {main}
2018-09-05 11:30:59 Error: [MissingActionException] Action PostsController::index.php() could not be found.
Exception Attributes: array (
  'controller' => 'PostsController',
  'action' => 'index.php',
)
Request URL: /posts/index.php
Stack Trace:
#0 /var/www/html/cakephp/lib/Cake/Routing/Dispatcher.php(193): Controller->invokeAction(Object(CakeRequest))
#1 /var/www/html/cakephp/lib/Cake/Routing/Dispatcher.php(167): Dispatcher->_invoke(Object(PostsController), Object(CakeRequest))
#2 /var/www/html/cakephp/app/webroot/index.php(118): Dispatcher->dispatch(Object(CakeRequest), Object(CakeResponse))
#3 {main}
2018-09-05 11:37:17 Error: [MissingViewException] View file "Posts/index.ctp" is missing.
Exception Attributes: array (
  'file' => 'Posts/index.ctp',
)
Request URL: /posts/
Stack Trace:
#0 /var/www/html/cakephp/lib/Cake/View/View.php(470): View->_getViewFileName(NULL)
#1 /var/www/html/cakephp/lib/Cake/Controller/Controller.php(963): View->render(NULL, NULL)
#2 /var/www/html/cakephp/lib/Cake/Routing/Dispatcher.php(200): Controller->render()
#3 /var/www/html/cakephp/lib/Cake/Routing/Dispatcher.php(167): Dispatcher->_invoke(Object(PostsController), Object(CakeRequest))
#4 /var/www/html/cakephp/app/webroot/index.php(118): Dispatcher->dispatch(Object(CakeRequest), Object(CakeResponse))
#5 {main}
